<?xml version="1.0" encoding="UTF-8"?>
<coverage generated="1774844712827" clover="3.2.0">
  <project timestamp="1774844712827" name="All files">
    <metrics statements="84" coveredstatements="60" conditionals="44" coveredconditionals="33" methods="9" coveredmethods="8" elements="137" coveredelements="101" complexity="0" loc="84" ncloc="84" packages="1" files="2" classes="2"/>
    <file name="aegis-protector.ts" path="/media/kentran/K/Projects/AegisProxy/AegisSDK/src/aegis-protector.ts">
      <metrics statements="82" coveredstatements="60" conditionals="44" coveredconditionals="33" methods="8" coveredmethods="8"/>
      <line num="5" count="2" type="stmt"/>
      <line num="8" count="48" type="cond" truecount="2" falsecount="0"/>
      <line num="12" count="30" type="stmt"/>
      <line num="24" count="2" type="stmt"/>
      <line num="25" count="15" type="stmt"/>
      <line num="26" count="15" type="stmt"/>
      <line num="42" count="26" type="stmt"/>
      <line num="43" count="26" type="stmt"/>
      <line num="44" count="26" type="cond" truecount="2" falsecount="0"/>
      <line num="45" count="8" type="stmt"/>
      <line num="48" count="18" type="stmt"/>
      <line num="49" count="18" type="stmt"/>
      <line num="50" count="18" type="stmt"/>
      <line num="52" count="18" type="cond" truecount="2" falsecount="0"/>
      <line num="56" count="18" type="stmt"/>
      <line num="57" count="18" type="stmt"/>
      <line num="59" count="18" type="stmt"/>
      <line num="70" count="19" type="stmt"/>
      <line num="71" count="19" type="cond" truecount="2" falsecount="0"/>
      <line num="72" count="1" type="stmt"/>
      <line num="74" count="18" type="stmt"/>
      <line num="88" count="8" type="cond" truecount="1" falsecount="1"/>
      <line num="89" count="0" type="stmt"/>
      <line num="92" count="8" type="stmt"/>
      <line num="93" count="16" type="stmt"/>
      <line num="95" count="16" type="stmt"/>
      <line num="96" count="16" type="stmt"/>
      <line num="97" count="16" type="stmt"/>
      <line num="99" count="0" type="stmt"/>
      <line num="101" count="16" type="cond" truecount="3" falsecount="1"/>
      <line num="102" count="0" type="stmt"/>
      <line num="106" count="8" type="stmt"/>
      <line num="107" count="16" type="stmt"/>
      <line num="108" count="16" type="stmt"/>
      <line num="109" count="27" type="cond" truecount="2" falsecount="0"/>
      <line num="110" count="16" type="stmt"/>
      <line num="111" count="16" type="stmt"/>
      <line num="112" count="16" type="cond" truecount="1" falsecount="1"/>
      <line num="113" count="16" type="stmt"/>
      <line num="114" count="16" type="stmt"/>
      <line num="117" count="0" type="stmt"/>
      <line num="120" count="16" type="cond" truecount="1" falsecount="1"/>
      <line num="121" count="0" type="stmt"/>
      <line num="125" count="8" type="stmt"/>
      <line num="133" count="1" type="stmt"/>
      <line num="134" count="1" type="stmt"/>
      <line num="137" count="2" type="stmt"/>
      <line num="138" count="2" type="stmt"/>
      <line num="139" count="2" type="stmt"/>
      <line num="140" count="2" type="stmt"/>
      <line num="142" count="0" type="stmt"/>
      <line num="144" count="2" type="stmt"/>
      <line num="150" count="1" type="stmt"/>
      <line num="157" count="2" type="cond" truecount="4" falsecount="1"/>
      <line num="158" count="0" type="stmt"/>
      <line num="161" count="2" type="stmt"/>
      <line num="162" count="2" type="stmt"/>
      <line num="164" count="2" type="stmt"/>
      <line num="165" count="4" type="stmt"/>
      <line num="166" count="4" type="cond" truecount="4" falsecount="1"/>
      <line num="167" count="0" type="stmt"/>
      <line num="168" count="0" type="stmt"/>
      <line num="169" count="0" type="stmt"/>
      <line num="171" count="4" type="cond" truecount="3" falsecount="1"/>
      <line num="172" count="0" type="stmt"/>
      <line num="173" count="0" type="stmt"/>
      <line num="174" count="0" type="stmt"/>
      <line num="176" count="4" type="cond" truecount="2" falsecount="0"/>
      <line num="177" count="4" type="cond" truecount="1" falsecount="1"/>
      <line num="178" count="0" type="stmt"/>
      <line num="179" count="0" type="stmt"/>
      <line num="180" count="0" type="stmt"/>
      <line num="182" count="4" type="cond" truecount="1" falsecount="1"/>
      <line num="183" count="0" type="stmt"/>
      <line num="184" count="0" type="stmt"/>
      <line num="185" count="0" type="stmt"/>
      <line num="187" count="4" type="stmt"/>
      <line num="188" count="4" type="stmt"/>
      <line num="191" count="2" type="cond" truecount="1" falsecount="1"/>
      <line num="192" count="0" type="stmt"/>
      <line num="193" count="0" type="stmt"/>
      <line num="194" count="0" type="stmt"/>
    </file>
    <file name="index.ts" path="/media/kentran/K/Projects/AegisProxy/AegisSDK/src/index.ts">
      <metrics statements="2" coveredstatements="0" conditionals="0" coveredconditionals="0" methods="1" coveredmethods="0"/>
      <line num="5" count="0" type="stmt"/>
      <line num="6" count="0" type="stmt"/>
    </file>
  </project>
</coverage>
