{"/media/kentran/K/Projects/AegisProxy/AegisSDK/src/aegis-protector.ts": {"path":"/media/kentran/K/Projects/AegisProxy/AegisSDK/src/aegis-protector.ts","statementMap":{"0":{"start":{"line":5,"column":0},"end":{"line":5,"column":33}},"1":{"start":{"line":8,"column":2},"end":{"line":8,"column":25}},"2":{"start":{"line":12,"column":2},"end":{"line":12,"column":55}},"3":{"start":{"line":25,"column":10},"end":{"line":25,"column":51}},"4":{"start":{"line":26,"column":10},"end":{"line":26,"column":58}},"5":{"start":{"line":42,"column":15},"end":{"line":42,"column":45}},"6":{"start":{"line":43,"column":21},"end":{"line":43,"column":41}},"7":{"start":{"line":44,"column":4},"end":{"line":46,"column":5}},"8":{"start":{"line":45,"column":6},"end":{"line":45,"column":22}},"9":{"start":{"line":48,"column":15},"end":{"line":48,"column":36}},"10":{"start":{"line":49,"column":24},"end":{"line":49,"column":40}},"11":{"start":{"line":50,"column":17},"end":{"line":50,"column":102}},"12":{"start":{"line":52,"column":24},"end":{"line":54,"column":28}},"13":{"start":{"line":56,"column":4},"end":{"line":56,"column":38}},"14":{"start":{"line":57,"column":4},"end":{"line":57,"column":47}},"15":{"start":{"line":59,"column":4},"end":{"line":59,"column":23}},"16":{"start":{"line":70,"column":21},"end":{"line":70,"column":57}},"17":{"start":{"line":71,"column":4},"end":{"line":73,"column":5}},"18":{"start":{"line":72,"column":6},"end":{"line":72,"column":75}},"19":{"start":{"line":74,"column":4},"end":{"line":74,"column":20}},"20":{"start":{"line":88,"column":4},"end":{"line":90,"column":5}},"21":{"start":{"line":89,"column":6},"end":{"line":89,"column":19}},"22":{"start":{"line":92,"column":4},"end":{"line":104,"column":5}},"23":{"start":{"line":93,"column":27},"end":{"line":93,"column":63}},"24":{"start":{"line":95,"column":6},"end":{"line":100,"column":7}},"25":{"start":{"line":96,"column":23},"end":{"line":96,"column":65}},"26":{"start":{"line":97,"column":8},"end":{"line":97,"column":25}},"27":{"start":{"line":99,"column":8},"end":{"line":99,"column":21}},"28":{"start":{"line":101,"column":6},"end":{"line":103,"column":7}},"29":{"start":{"line":102,"column":8},"end":{"line":102,"column":21}},"30":{"start":{"line":106,"column":4},"end":{"line":123,"column":5}},"31":{"start":{"line":107,"column":18},"end":{"line":107,"column":23}},"32":{"start":{"line":108,"column":6},"end":{"line":119,"column":7}},"33":{"start":{"line":109,"column":8},"end":{"line":109,"column":41}},"34":{"start":{"line":109,"column":32},"end":{"line":109,"column":41}},"35":{"start":{"line":110,"column":8},"end":{"line":118,"column":9}},"36":{"start":{"line":111,"column":25},"end":{"line":111,"column":59}},"37":{"start":{"line":112,"column":10},"end":{"line":115,"column":11}},"38":{"start":{"line":113,"column":12},"end":{"line":113,"column":25}},"39":{"start":{"line":114,"column":12},"end":{"line":114,"column":18}},"40":{"start":{"line":117,"column":10},"end":{"line":117,"column":23}},"41":{"start":{"line":120,"column":6},"end":{"line":122,"column":7}},"42":{"start":{"line":121,"column":8},"end":{"line":121,"column":21}},"43":{"start":{"line":125,"column":4},"end":{"line":125,"column":16}},"44":{"start":{"line":133,"column":53},"end":{"line":133,"column":55}},"45":{"start":{"line":134,"column":4},"end":{"line":149,"column":5}},"46":{"start":{"line":137,"column":6},"end":{"line":143,"column":7}},"47":{"start":{"line":138,"column":23},"end":{"line":138,"column":65}},"48":{"start":{"line":139,"column":8},"end":{"line":139,"column":23}},"49":{"start":{"line":140,"column":8},"end":{"line":140,"column":25}},"50":{"start":{"line":142,"column":8},"end":{"line":142,"column":69}},"51":{"start":{"line":144,"column":6},"end":{"line":148,"column":9}},"52":{"start":{"line":150,"column":4},"end":{"line":150,"column":29}},"53":{"start":{"line":157,"column":4},"end":{"line":159,"column":5}},"54":{"start":{"line":158,"column":6},"end":{"line":158,"column":82}},"55":{"start":{"line":161,"column":4},"end":{"line":161,"column":25}},"56":{"start":{"line":162,"column":4},"end":{"line":162,"column":32}},"57":{"start":{"line":164,"column":4},"end":{"line":189,"column":5}},"58":{"start":{"line":164,"column":17},"end":{"line":164,"column":18}},"59":{"start":{"line":165,"column":16},"end":{"line":165,"column":31}},"60":{"start":{"line":166,"column":6},"end":{"line":170,"column":7}},"61":{"start":{"line":167,"column":8},"end":{"line":167,"column":29}},"62":{"start":{"line":168,"column":8},"end":{"line":168,"column":36}},"63":{"start":{"line":169,"column":8},"end":{"line":169,"column":84}},"64":{"start":{"line":171,"column":6},"end":{"line":175,"column":7}},"65":{"start":{"line":172,"column":8},"end":{"line":172,"column":29}},"66":{"start":{"line":173,"column":8},"end":{"line":173,"column":36}},"67":{"start":{"line":174,"column":8},"end":{"line":174,"column":84}},"68":{"start":{"line":176,"column":17},"end":{"line":176,"column":65}},"69":{"start":{"line":177,"column":6},"end":{"line":181,"column":7}},"70":{"start":{"line":178,"column":8},"end":{"line":178,"column":29}},"71":{"start":{"line":179,"column":8},"end":{"line":179,"column":36}},"72":{"start":{"line":180,"column":8},"end":{"line":180,"column":75}},"73":{"start":{"line":182,"column":6},"end":{"line":186,"column":7}},"74":{"start":{"line":183,"column":8},"end":{"line":183,"column":29}},"75":{"start":{"line":184,"column":8},"end":{"line":184,"column":36}},"76":{"start":{"line":185,"column":8},"end":{"line":185,"column":75}},"77":{"start":{"line":187,"column":6},"end":{"line":187,"column":42}},"78":{"start":{"line":188,"column":6},"end":{"line":188,"column":53}},"79":{"start":{"line":191,"column":4},"end":{"line":195,"column":5}},"80":{"start":{"line":192,"column":6},"end":{"line":192,"column":27}},"81":{"start":{"line":193,"column":6},"end":{"line":193,"column":34}},"82":{"start":{"line":194,"column":6},"end":{"line":194,"column":68}},"83":{"start":{"line":24,"column":0},"end":{"line":24,"column":13}}},"fnMap":{"0":{"name":"sessionKey","decl":{"start":{"line":7,"column":9},"end":{"line":7,"column":19}},"loc":{"start":{"line":7,"column":49},"end":{"line":9,"column":1}}},"1":{"name":"forwardMapKey","decl":{"start":{"line":11,"column":9},"end":{"line":11,"column":22}},"loc":{"start":{"line":11,"column":66},"end":{"line":13,"column":1}}},"2":{"name":"(anonymous_11)","decl":{"start":{"line":24,"column":0},"end":{"line":24,"column":13}},"loc":{"start":{"line":24,"column":0},"end":{"line":197,"column":1}}},"3":{"name":"(anonymous_12)","decl":{"start":{"line":41,"column":2},"end":{"line":41,"column":8}},"loc":{"start":{"line":41,"column":62},"end":{"line":60,"column":3}}},"4":{"name":"(anonymous_13)","decl":{"start":{"line":69,"column":2},"end":{"line":69,"column":10}},"loc":{"start":{"line":69,"column":30},"end":{"line":75,"column":3}}},"5":{"name":"(anonymous_14)","decl":{"start":{"line":87,"column":2},"end":{"line":87,"column":19}},"loc":{"start":{"line":87,"column":19},"end":{"line":126,"column":3}}},"6":{"name":"(anonymous_15)","decl":{"start":{"line":132,"column":2},"end":{"line":132,"column":13}},"loc":{"start":{"line":132,"column":13},"end":{"line":151,"column":3}}},"7":{"name":"(anonymous_16)","decl":{"start":{"line":156,"column":2},"end":{"line":156,"column":13}},"loc":{"start":{"line":156,"column":40},"end":{"line":196,"column":3}}}},"branchMap":{"0":{"loc":{"start":{"line":8,"column":9},"end":{"line":8,"column":24}},"type":"binary-expr","locations":[{"start":{"line":8,"column":9},"end":{"line":8,"column":18}},{"start":{"line":8,"column":22},"end":{"line":8,"column":24}}]},"1":{"loc":{"start":{"line":44,"column":4},"end":{"line":46,"column":5}},"type":"if","locations":[{"start":{"line":44,"column":4},"end":{"line":46,"column":5}},{"start":{},"end":{}}]},"2":{"loc":{"start":{"line":52,"column":24},"end":{"line":54,"column":28}},"type":"cond-expr","locations":[{"start":{"line":53,"column":8},"end":{"line":53,"column":56}},{"start":{"line":54,"column":8},"end":{"line":54,"column":28}}]},"3":{"loc":{"start":{"line":71,"column":4},"end":{"line":73,"column":5}},"type":"if","locations":[{"start":{"line":71,"column":4},"end":{"line":73,"column":5}},{"start":{},"end":{}}]},"4":{"loc":{"start":{"line":88,"column":4},"end":{"line":90,"column":5}},"type":"if","locations":[{"start":{"line":88,"column":4},"end":{"line":90,"column":5}},{"start":{},"end":{}}]},"5":{"loc":{"start":{"line":101,"column":6},"end":{"line":103,"column":7}},"type":"if","locations":[{"start":{"line":101,"column":6},"end":{"line":103,"column":7}},{"start":{},"end":{}}]},"6":{"loc":{"start":{"line":101,"column":10},"end":{"line":101,"column":61}},"type":"binary-expr","locations":[{"start":{"line":101,"column":10},"end":{"line":101,"column":36}},{"start":{"line":101,"column":40},"end":{"line":101,"column":61}}]},"7":{"loc":{"start":{"line":109,"column":8},"end":{"line":109,"column":41}},"type":"if","locations":[{"start":{"line":109,"column":8},"end":{"line":109,"column":41}},{"start":{},"end":{}}]},"8":{"loc":{"start":{"line":112,"column":10},"end":{"line":115,"column":11}},"type":"if","locations":[{"start":{"line":112,"column":10},"end":{"line":115,"column":11}},{"start":{},"end":{}}]},"9":{"loc":{"start":{"line":120,"column":6},"end":{"line":122,"column":7}},"type":"if","locations":[{"start":{"line":120,"column":6},"end":{"line":122,"column":7}},{"start":{},"end":{}}]},"10":{"loc":{"start":{"line":145,"column":20},"end":{"line":145,"column":41}},"type":"cond-expr","locations":[{"start":{"line":145,"column":32},"end":{"line":145,"column":36}},{"start":{"line":145,"column":39},"end":{"line":145,"column":41}}]},"11":{"loc":{"start":{"line":157,"column":4},"end":{"line":159,"column":5}},"type":"if","locations":[{"start":{"line":157,"column":4},"end":{"line":159,"column":5}},{"start":{},"end":{}}]},"12":{"loc":{"start":{"line":157,"column":8},"end":{"line":157,"column":61}},"type":"binary-expr","locations":[{"start":{"line":157,"column":8},"end":{"line":157,"column":13}},{"start":{"line":157,"column":17},"end":{"line":157,"column":29}},{"start":{"line":157,"column":33},"end":{"line":157,"column":61}}]},"13":{"loc":{"start":{"line":166,"column":6},"end":{"line":170,"column":7}},"type":"if","locations":[{"start":{"line":166,"column":6},"end":{"line":170,"column":7}},{"start":{},"end":{}}]},"14":{"loc":{"start":{"line":166,"column":10},"end":{"line":166,"column":79}},"type":"binary-expr","locations":[{"start":{"line":166,"column":10},"end":{"line":166,"column":12}},{"start":{"line":166,"column":16},"end":{"line":166,"column":42}},{"start":{"line":166,"column":46},"end":{"line":166,"column":79}}]},"15":{"loc":{"start":{"line":171,"column":6},"end":{"line":175,"column":7}},"type":"if","locations":[{"start":{"line":171,"column":6},"end":{"line":175,"column":7}},{"start":{},"end":{}}]},"16":{"loc":{"start":{"line":171,"column":10},"end":{"line":171,"column":66}},"type":"binary-expr","locations":[{"start":{"line":171,"column":10},"end":{"line":171,"column":30}},{"start":{"line":171,"column":34},"end":{"line":171,"column":66}}]},"17":{"loc":{"start":{"line":176,"column":31},"end":{"line":176,"column":56}},"type":"binary-expr","locations":[{"start":{"line":176,"column":31},"end":{"line":176,"column":43}},{"start":{"line":176,"column":47},"end":{"line":176,"column":56}}]},"18":{"loc":{"start":{"line":177,"column":6},"end":{"line":181,"column":7}},"type":"if","locations":[{"start":{"line":177,"column":6},"end":{"line":181,"column":7}},{"start":{},"end":{}}]},"19":{"loc":{"start":{"line":182,"column":6},"end":{"line":186,"column":7}},"type":"if","locations":[{"start":{"line":182,"column":6},"end":{"line":186,"column":7}},{"start":{},"end":{}}]},"20":{"loc":{"start":{"line":191,"column":4},"end":{"line":195,"column":5}},"type":"if","locations":[{"start":{"line":191,"column":4},"end":{"line":195,"column":5}},{"start":{},"end":{}}]}},"s":{"0":2,"1":48,"2":30,"3":15,"4":15,"5":26,"6":26,"7":26,"8":8,"9":18,"10":18,"11":18,"12":18,"13":18,"14":18,"15":18,"16":19,"17":19,"18":1,"19":18,"20":8,"21":0,"22":8,"23":16,"24":16,"25":16,"26":16,"27":0,"28":16,"29":0,"30":8,"31":16,"32":16,"33":27,"34":11,"35":16,"36":16,"37":16,"38":16,"39":16,"40":0,"41":16,"42":0,"43":8,"44":1,"45":1,"46":2,"47":2,"48":2,"49":2,"50":0,"51":2,"52":1,"53":2,"54":0,"55":2,"56":2,"57":2,"58":2,"59":4,"60":4,"61":0,"62":0,"63":0,"64":4,"65":0,"66":0,"67":0,"68":4,"69":4,"70":0,"71":0,"72":0,"73":4,"74":0,"75":0,"76":0,"77":4,"78":4,"79":2,"80":0,"81":0,"82":0,"83":2},"f":{"0":48,"1":30,"2":15,"3":26,"4":19,"5":8,"6":1,"7":2},"b":{"0":[48,32],"1":[8,18],"2":[3,15],"3":[1,18],"4":[0,8],"5":[0,16],"6":[16,16],"7":[11,16],"8":[16,0],"9":[0,16],"10":[0,2],"11":[0,2],"12":[2,2,2],"13":[0,4],"14":[4,4,4],"15":[0,4],"16":[4,3],"17":[4,1],"18":[0,4],"19":[0,4],"20":[0,2]}}
,"/media/kentran/K/Projects/AegisProxy/AegisSDK/src/index.ts": {"path":"/media/kentran/K/Projects/AegisProxy/AegisSDK/src/index.ts","statementMap":{"0":{"start":{"line":5,"column":0},"end":{"line":5,"column":9}},"1":{"start":{"line":5,"column":9},"end":{"line":5,"column":78}},"2":{"start":{"line":6,"column":13},"end":{"line":6,"column":31}}},"fnMap":{"0":{"name":"(anonymous_0)","decl":{"start":{"line":5,"column":9},"end":{"line":5,"column":23}},"loc":{"start":{"line":5,"column":9},"end":{"line":5,"column":78}}}},"branchMap":{},"s":{"0":0,"1":0,"2":0},"f":{"0":0},"b":{}}
}
