TN:
SF:src/aegis-protector.ts
FN:7,sessionKey
FN:11,forwardMapKey
FN:24,(anonymous_11)
FN:41,(anonymous_12)
FN:69,(anonymous_13)
FN:87,(anonymous_14)
FN:132,(anonymous_15)
FN:156,(anonymous_16)
FNF:8
FNH:8
FNDA:48,sessionKey
FNDA:30,forwardMapKey
FNDA:15,(anonymous_11)
FNDA:26,(anonymous_12)
FNDA:19,(anonymous_13)
FNDA:8,(anonymous_14)
FNDA:1,(anonymous_15)
FNDA:2,(anonymous_16)
DA:5,2
DA:8,48
DA:12,30
DA:24,2
DA:25,15
DA:26,15
DA:42,26
DA:43,26
DA:44,26
DA:45,8
DA:48,18
DA:49,18
DA:50,18
DA:52,18
DA:56,18
DA:57,18
DA:59,18
DA:70,19
DA:71,19
DA:72,1
DA:74,18
DA:88,8
DA:89,0
DA:92,8
DA:93,16
DA:95,16
DA:96,16
DA:97,16
DA:99,0
DA:101,16
DA:102,0
DA:106,8
DA:107,16
DA:108,16
DA:109,27
DA:110,16
DA:111,16
DA:112,16
DA:113,16
DA:114,16
DA:117,0
DA:120,16
DA:121,0
DA:125,8
DA:133,1
DA:134,1
DA:137,2
DA:138,2
DA:139,2
DA:140,2
DA:142,0
DA:144,2
DA:150,1
DA:157,2
DA:158,0
DA:161,2
DA:162,2
DA:164,2
DA:165,4
DA:166,4
DA:167,0
DA:168,0
DA:169,0
DA:171,4
DA:172,0
DA:173,0
DA:174,0
DA:176,4
DA:177,4
DA:178,0
DA:179,0
DA:180,0
DA:182,4
DA:183,0
DA:184,0
DA:185,0
DA:187,4
DA:188,4
DA:191,2
DA:192,0
DA:193,0
DA:194,0
LF:82
LH:60
BRDA:8,0,0,48
BRDA:8,0,1,32
BRDA:44,1,0,8
BRDA:44,1,1,18
BRDA:52,2,0,3
BRDA:52,2,1,15
BRDA:71,3,0,1
BRDA:71,3,1,18
BRDA:88,4,0,0
BRDA:88,4,1,8
BRDA:101,5,0,0
BRDA:101,5,1,16
BRDA:101,6,0,16
BRDA:101,6,1,16
BRDA:109,7,0,11
BRDA:109,7,1,16
BRDA:112,8,0,16
BRDA:112,8,1,0
BRDA:120,9,0,0
BRDA:120,9,1,16
BRDA:145,10,0,0
BRDA:145,10,1,2
BRDA:157,11,0,0
BRDA:157,11,1,2
BRDA:157,12,0,2
BRDA:157,12,1,2
BRDA:157,12,2,2
BRDA:166,13,0,0
BRDA:166,13,1,4
BRDA:166,14,0,4
BRDA:166,14,1,4
BRDA:166,14,2,4
BRDA:171,15,0,0
BRDA:171,15,1,4
BRDA:171,16,0,4
BRDA:171,16,1,3
BRDA:176,17,0,4
BRDA:176,17,1,1
BRDA:177,18,0,0
BRDA:177,18,1,4
BRDA:182,19,0,0
BRDA:182,19,1,4
BRDA:191,20,0,0
BRDA:191,20,1,2
BRF:44
BRH:33
end_of_record
TN:
SF:src/index.ts
FN:5,(anonymous_0)
FNF:1
FNH:0
FNDA:0,(anonymous_0)
DA:5,0
DA:6,0
LF:2
LH:0
BRF:0
BRH:0
end_of_record
